0 info it worked if it ends with ok
1 verbose cli [ 'c:\\Program Files\\nodejs\\node.exe',
1 verbose cli   'c:\\Program Files\\nodejs\\node_modules\\npm\\bin\\npm-cli.js',
1 verbose cli   'install',
1 verbose cli   '-g',
1 verbose cli   'generator-angular-require-php' ]
2 info using npm@1.4.28
3 info using node@v0.10.33
4 verbose cache add [ 'generator-angular-require-php', null ]
5 verbose cache add name=undefined spec="generator-angular-require-php" args=["generator-angular-require-php",null]
6 verbose parsed url { protocol: null,
6 verbose parsed url   slashes: null,
6 verbose parsed url   auth: null,
6 verbose parsed url   host: null,
6 verbose parsed url   port: null,
6 verbose parsed url   hostname: null,
6 verbose parsed url   hash: null,
6 verbose parsed url   search: null,
6 verbose parsed url   query: null,
6 verbose parsed url   pathname: 'generator-angular-require-php',
6 verbose parsed url   path: 'generator-angular-require-php',
6 verbose parsed url   href: 'generator-angular-require-php' }
7 silly lockFile 81044b63-generator-angular-require-php generator-angular-require-php
8 verbose lock generator-angular-require-php C:\Users\Greg\AppData\Roaming\npm-cache\81044b63-generator-angular-require-php.lock
9 silly lockFile 81044b63-generator-angular-require-php generator-angular-require-php
10 silly lockFile 81044b63-generator-angular-require-php generator-angular-require-php
11 verbose addNamed [ 'generator-angular-require-php', '' ]
12 verbose addNamed [ null, '*' ]
13 silly lockFile 78f8e407-generator-angular-require-php generator-angular-require-php@
14 verbose lock generator-angular-require-php@ C:\Users\Greg\AppData\Roaming\npm-cache\78f8e407-generator-angular-require-php.lock
15 silly addNameRange { name: 'generator-angular-require-php',
15 silly addNameRange   range: '*',
15 silly addNameRange   hasData: false }
16 verbose request where is /generator-angular-require-php
17 verbose request registry https://registry.npmjs.org/
18 verbose request id 3c20162bd3a0f948
19 verbose url raw /generator-angular-require-php
20 verbose url resolving [ 'https://registry.npmjs.org/',
20 verbose url resolving   './generator-angular-require-php' ]
21 verbose url resolved https://registry.npmjs.org/generator-angular-require-php
22 verbose request where is https://registry.npmjs.org/generator-angular-require-php
23 info trying registry request attempt 1 at 12:54:49
24 http GET https://registry.npmjs.org/generator-angular-require-php
25 http 404 https://registry.npmjs.org/generator-angular-require-php
26 verbose headers { date: 'Thu, 13 Nov 2014 18:54:51 GMT',
26 verbose headers   server: 'CouchDB/1.5.0 (Erlang OTP/R16B03)',
26 verbose headers   'content-type': 'application/json',
26 verbose headers   'cache-control': 'max-age=0',
26 verbose headers   'content-length': '52',
26 verbose headers   'accept-ranges': 'bytes',
26 verbose headers   via: '1.1 varnish',
26 verbose headers   age: '0',
26 verbose headers   'x-served-by': 'cache-ord1729-ORD',
26 verbose headers   'x-cache': 'MISS',
26 verbose headers   'x-cache-hits': '0',
26 verbose headers   'x-timer': 'S1415904891.195178,VS0,VE34',
26 verbose headers   'keep-alive': 'timeout=10, max=50',
26 verbose headers   connection: 'Keep-Alive' }
27 silly registry.get cb [ 404,
27 silly registry.get   { date: 'Thu, 13 Nov 2014 18:54:51 GMT',
27 silly registry.get     server: 'CouchDB/1.5.0 (Erlang OTP/R16B03)',
27 silly registry.get     'content-type': 'application/json',
27 silly registry.get     'cache-control': 'max-age=0',
27 silly registry.get     'content-length': '52',
27 silly registry.get     'accept-ranges': 'bytes',
27 silly registry.get     via: '1.1 varnish',
27 silly registry.get     age: '0',
27 silly registry.get     'x-served-by': 'cache-ord1729-ORD',
27 silly registry.get     'x-cache': 'MISS',
27 silly registry.get     'x-cache-hits': '0',
27 silly registry.get     'x-timer': 'S1415904891.195178,VS0,VE34',
27 silly registry.get     'keep-alive': 'timeout=10, max=50',
27 silly registry.get     connection: 'Keep-Alive' } ]
28 silly lockFile 78f8e407-generator-angular-require-php generator-angular-require-php@
29 silly lockFile 78f8e407-generator-angular-require-php generator-angular-require-php@
30 error 404 404 Not Found: generator-angular-require-php
30 error 404
30 error 404 'generator-angular-require-php' is not in the npm registry.
30 error 404 You should bug the author to publish it
30 error 404
30 error 404 Note that you can also install from a
30 error 404 tarball, folder, or http url, or git url.
31 error System Windows_NT 6.2.9200
32 error command "c:\\Program Files\\nodejs\\node.exe" "c:\\Program Files\\nodejs\\node_modules\\npm\\bin\\npm-cli.js" "install" "-g" "generator-angular-require-php"
33 error cwd c:\Users\Greg\Documents\GitHub\generator-angular-require
34 error node -v v0.10.33
35 error npm -v 1.4.28
36 error code E404
37 verbose exit [ 1, true ]
